mode: atomic
github.com/nikolay-makurin/replicator/internal/config/config.go:63.47,77.22 10 1
github.com/nikolay-makurin/replicator/internal/config/config.go:77.22,79.42 2 1
github.com/nikolay-makurin/replicator/internal/config/config.go:79.42,81.4 1 0
github.com/nikolay-makurin/replicator/internal/config/config.go:84.2,85.42 2 1
github.com/nikolay-makurin/replicator/internal/config/config.go:85.42,87.3 1 0
github.com/nikolay-makurin/replicator/internal/config/config.go:89.2,89.39 1 1
github.com/nikolay-makurin/replicator/internal/config/config.go:89.39,91.3 1 0
github.com/nikolay-makurin/replicator/internal/config/config.go:93.2,93.18 1 1
github.com/nikolay-makurin/replicator/internal/config/config.go:96.35,97.37 1 5
github.com/nikolay-makurin/replicator/internal/config/config.go:97.37,99.3 1 1
github.com/nikolay-makurin/replicator/internal/config/config.go:100.2,100.29 1 4
github.com/nikolay-makurin/replicator/internal/config/config.go:100.29,102.3 1 0
github.com/nikolay-makurin/replicator/internal/config/config.go:103.2,103.68 1 4
github.com/nikolay-makurin/replicator/internal/config/config.go:103.68,105.3 1 1
github.com/nikolay-makurin/replicator/internal/config/config.go:107.2,107.39 1 3
github.com/nikolay-makurin/replicator/internal/config/config.go:107.39,108.19 1 3
github.com/nikolay-makurin/replicator/internal/config/config.go:108.19,110.4 1 1
github.com/nikolay-makurin/replicator/internal/config/config.go:111.3,111.31 1 2
github.com/nikolay-makurin/replicator/internal/config/config.go:111.31,113.4 1 0
github.com/nikolay-makurin/replicator/internal/config/config.go:114.3,114.23 1 2
github.com/nikolay-makurin/replicator/internal/config/config.go:114.23,116.4 1 0
github.com/nikolay-makurin/replicator/internal/config/config.go:117.3,117.27 1 2
github.com/nikolay-makurin/replicator/internal/config/config.go:117.27,119.4 1 1
github.com/nikolay-makurin/replicator/internal/config/config.go:122.2,122.41 1 2
github.com/nikolay-makurin/replicator/internal/config/config.go:122.41,123.19 1 1
github.com/nikolay-makurin/replicator/internal/config/config.go:123.19,125.4 1 0
github.com/nikolay-makurin/replicator/internal/config/config.go:126.3,126.31 1 1
github.com/nikolay-makurin/replicator/internal/config/config.go:126.31,128.4 1 0
github.com/nikolay-makurin/replicator/internal/config/config.go:129.3,129.23 1 1
github.com/nikolay-makurin/replicator/internal/config/config.go:129.23,131.4 1 1
github.com/nikolay-makurin/replicator/internal/config/config.go:132.3,132.27 1 1
github.com/nikolay-makurin/replicator/internal/config/config.go:132.27,134.4 1 1
github.com/nikolay-makurin/replicator/internal/config/config.go:137.2,137.12 1 2
github.com/nikolay-makurin/replicator/internal/sink/broadcast.go:17.52,19.2 1 3
github.com/nikolay-makurin/replicator/internal/sink/broadcast.go:21.78,25.28 3 2
github.com/nikolay-makurin/replicator/internal/sink/broadcast.go:25.28,27.19 2 4
github.com/nikolay-makurin/replicator/internal/sink/broadcast.go:27.19,29.46 2 4
github.com/nikolay-makurin/replicator/internal/sink/broadcast.go:29.46,31.5 1 1
github.com/nikolay-makurin/replicator/internal/sink/broadcast.go:35.2,40.25 4 2
github.com/nikolay-makurin/replicator/internal/sink/broadcast.go:40.25,42.3 1 1
github.com/nikolay-makurin/replicator/internal/sink/broadcast.go:44.2,44.19 1 2
github.com/nikolay-makurin/replicator/internal/sink/broadcast.go:44.19,48.3 1 1
github.com/nikolay-makurin/replicator/internal/sink/broadcast.go:50.2,50.12 1 1
github.com/nikolay-makurin/replicator/internal/sink/broadcast.go:53.39,55.28 2 1
github.com/nikolay-makurin/replicator/internal/sink/broadcast.go:55.28,56.35 1 2
github.com/nikolay-makurin/replicator/internal/sink/broadcast.go:56.35,58.4 1 0
github.com/nikolay-makurin/replicator/internal/sink/broadcast.go:60.2,60.19 1 1
github.com/nikolay-makurin/replicator/internal/sink/broadcast.go:60.19,62.3 1 0
github.com/nikolay-makurin/replicator/internal/sink/broadcast.go:63.2,63.12 1 1
github.com/nikolay-makurin/replicator/internal/sink/clickhouse.go:18.78,20.16 2 0
github.com/nikolay-makurin/replicator/internal/sink/clickhouse.go:20.16,22.3 1 0
github.com/nikolay-makurin/replicator/internal/sink/clickhouse.go:23.2,24.16 2 0
github.com/nikolay-makurin/replicator/internal/sink/clickhouse.go:24.16,26.3 1 0
github.com/nikolay-makurin/replicator/internal/sink/clickhouse.go:27.2,27.41 1 0
github.com/nikolay-makurin/replicator/internal/sink/clickhouse.go:30.79,33.33 2 0
github.com/nikolay-makurin/replicator/internal/sink/clickhouse.go:33.33,34.34 1 0
github.com/nikolay-makurin/replicator/internal/sink/clickhouse.go:34.34,36.4 1 0
github.com/nikolay-makurin/replicator/internal/sink/clickhouse.go:39.2,39.43 1 0
github.com/nikolay-makurin/replicator/internal/sink/clickhouse.go:39.43,40.23 1 0
github.com/nikolay-makurin/replicator/internal/sink/clickhouse.go:40.23,41.12 1 0
github.com/nikolay-makurin/replicator/internal/sink/clickhouse.go:46.3,48.32 3 0
github.com/nikolay-makurin/replicator/internal/sink/clickhouse.go:48.32,50.4 1 0
github.com/nikolay-makurin/replicator/internal/sink/clickhouse.go:52.3,54.17 3 0
github.com/nikolay-makurin/replicator/internal/sink/clickhouse.go:54.17,56.4 1 0
github.com/nikolay-makurin/replicator/internal/sink/clickhouse.go:58.3,58.28 1 0
github.com/nikolay-makurin/replicator/internal/sink/clickhouse.go:58.28,60.29 2 0
github.com/nikolay-makurin/replicator/internal/sink/clickhouse.go:60.29,62.5 1 0
github.com/nikolay-makurin/replicator/internal/sink/clickhouse.go:63.4,63.50 1 0
github.com/nikolay-makurin/replicator/internal/sink/clickhouse.go:63.50,65.5 1 0
github.com/nikolay-makurin/replicator/internal/sink/clickhouse.go:68.3,68.40 1 0
github.com/nikolay-makurin/replicator/internal/sink/clickhouse.go:68.40,70.4 1 0
github.com/nikolay-makurin/replicator/internal/sink/clickhouse.go:72.2,72.12 1 0
github.com/nikolay-makurin/replicator/internal/sink/clickhouse.go:75.40,77.2 1 0
github.com/nikolay-makurin/replicator/internal/sink/postgres.go:18.93,20.16 2 0
github.com/nikolay-makurin/replicator/internal/sink/postgres.go:20.16,22.3 1 0
github.com/nikolay-makurin/replicator/internal/sink/postgres.go:23.2,23.39 1 0
github.com/nikolay-makurin/replicator/internal/sink/postgres.go:26.77,29.33 2 0
github.com/nikolay-makurin/replicator/internal/sink/postgres.go:29.33,30.17 1 0
github.com/nikolay-makurin/replicator/internal/sink/postgres.go:31.26,34.32 3 0
github.com/nikolay-makurin/replicator/internal/sink/postgres.go:34.32,36.5 1 0
github.com/nikolay-makurin/replicator/internal/sink/postgres.go:37.4,39.33 2 0
github.com/nikolay-makurin/replicator/internal/sink/postgres.go:41.26,47.24 3 0
github.com/nikolay-makurin/replicator/internal/sink/postgres.go:47.24,48.13 1 0
github.com/nikolay-makurin/replicator/internal/sink/postgres.go:51.4,52.32 2 0
github.com/nikolay-makurin/replicator/internal/sink/postgres.go:52.32,54.5 1 0
github.com/nikolay-makurin/replicator/internal/sink/postgres.go:56.4,57.31 2 0
github.com/nikolay-makurin/replicator/internal/sink/postgres.go:57.31,59.5 1 0
github.com/nikolay-makurin/replicator/internal/sink/postgres.go:61.4,65.33 3 0
github.com/nikolay-makurin/replicator/internal/sink/postgres.go:67.26,69.24 2 0
github.com/nikolay-makurin/replicator/internal/sink/postgres.go:69.24,70.13 1 0
github.com/nikolay-makurin/replicator/internal/sink/postgres.go:72.4,73.31 2 0
github.com/nikolay-makurin/replicator/internal/sink/postgres.go:73.31,75.5 1 0
github.com/nikolay-makurin/replicator/internal/sink/postgres.go:76.4,78.35 2 0
github.com/nikolay-makurin/replicator/internal/sink/postgres.go:82.2,85.37 3 0
github.com/nikolay-makurin/replicator/internal/sink/postgres.go:85.37,87.17 2 0
github.com/nikolay-makurin/replicator/internal/sink/postgres.go:87.17,89.4 1 0
github.com/nikolay-makurin/replicator/internal/sink/postgres.go:92.2,92.12 1 0
github.com/nikolay-makurin/replicator/internal/sink/postgres.go:95.38,98.2 2 0
github.com/nikolay-makurin/replicator/internal/sink/postgres.go:100.69,103.22 3 0
github.com/nikolay-makurin/replicator/internal/sink/postgres.go:103.22,106.3 2 0
github.com/nikolay-makurin/replicator/internal/sink/postgres.go:107.2,107.19 1 0
github.com/nikolay-makurin/replicator/internal/sink/retry.go:19.78,20.26 1 4
github.com/nikolay-makurin/replicator/internal/sink/retry.go:20.26,22.3 1 0
github.com/nikolay-makurin/replicator/internal/sink/retry.go:23.2,23.22 1 4
github.com/nikolay-makurin/replicator/internal/sink/retry.go:23.22,25.3 1 0
github.com/nikolay-makurin/replicator/internal/sink/retry.go:26.2,30.3 1 4
github.com/nikolay-makurin/replicator/internal/sink/retry.go:33.74,35.41 2 4
github.com/nikolay-makurin/replicator/internal/sink/retry.go:35.41,36.49 1 8
github.com/nikolay-makurin/replicator/internal/sink/retry.go:36.49,38.4 1 2
github.com/nikolay-makurin/replicator/internal/sink/retry.go:40.3,46.10 2 6
github.com/nikolay-makurin/replicator/internal/sink/retry.go:47.21,48.20 1 1
github.com/nikolay-makurin/replicator/internal/sink/retry.go:49.58,49.58 0 5
github.com/nikolay-makurin/replicator/internal/sink/retry.go:52.2,52.91 1 1
github.com/nikolay-makurin/replicator/internal/sink/retry.go:55.35,57.2 1 0
github.com/nikolay-makurin/replicator/internal/pipeline/checkpoint.go:13.38,13.55 1 13
github.com/nikolay-makurin/replicator/internal/pipeline/checkpoint.go:14.38,14.60 1 3
github.com/nikolay-makurin/replicator/internal/pipeline/checkpoint.go:15.38,15.65 1 4
github.com/nikolay-makurin/replicator/internal/pipeline/checkpoint.go:17.39,19.2 1 3
github.com/nikolay-makurin/replicator/internal/pipeline/checkpoint.go:21.37,27.2 5 3
github.com/nikolay-makurin/replicator/internal/pipeline/checkpoint.go:36.66,44.2 3 1
github.com/nikolay-makurin/replicator/internal/pipeline/checkpoint.go:46.51,50.2 3 3
github.com/nikolay-makurin/replicator/internal/pipeline/checkpoint.go:52.54,59.28 4 3
github.com/nikolay-makurin/replicator/internal/pipeline/checkpoint.go:59.28,61.19 2 5
github.com/nikolay-makurin/replicator/internal/pipeline/checkpoint.go:61.19,65.4 3 3
github.com/nikolay-makurin/replicator/internal/pipeline/checkpoint.go:65.9,66.9 1 2
github.com/nikolay-makurin/replicator/internal/pipeline/checkpoint.go:71.53,75.2 3 3
github.com/nikolay-makurin/replicator/internal/pipeline/dispatcher.go:22.95,24.39 2 0
github.com/nikolay-makurin/replicator/internal/pipeline/dispatcher.go:24.39,26.3 1 0
github.com/nikolay-makurin/replicator/internal/pipeline/dispatcher.go:27.2,31.3 1 0
github.com/nikolay-makurin/replicator/internal/pipeline/dispatcher.go:34.73,37.30 2 0
github.com/nikolay-makurin/replicator/internal/pipeline/dispatcher.go:37.30,39.22 2 0
github.com/nikolay-makurin/replicator/internal/pipeline/dispatcher.go:39.22,42.4 2 0
github.com/nikolay-makurin/replicator/internal/pipeline/dispatcher.go:46.2,46.12 1 0
github.com/nikolay-makurin/replicator/internal/pipeline/dispatcher.go:46.12,47.25 1 0
github.com/nikolay-makurin/replicator/internal/pipeline/dispatcher.go:47.25,53.4 3 0
github.com/nikolay-makurin/replicator/internal/pipeline/dispatcher.go:55.3,55.31 1 0
github.com/nikolay-makurin/replicator/internal/pipeline/dispatcher.go:55.31,57.4 1 0
github.com/nikolay-makurin/replicator/internal/pipeline/dispatcher.go:60.2,60.11 1 0
github.com/nikolay-makurin/replicator/internal/pipeline/dispatcher.go:63.28,67.2 3 0
github.com/nikolay-makurin/replicator/internal/pipeline/dispatcher.go:78.95,87.2 1 0
github.com/nikolay-makurin/replicator/internal/pipeline/dispatcher.go:89.43,93.6 3 0
github.com/nikolay-makurin/replicator/internal/pipeline/dispatcher.go:93.6,94.10 1 0
github.com/nikolay-makurin/replicator/internal/pipeline/dispatcher.go:95.21,97.10 2 0
github.com/nikolay-makurin/replicator/internal/pipeline/dispatcher.go:98.28,99.11 1 0
github.com/nikolay-makurin/replicator/internal/pipeline/dispatcher.go:99.11,102.5 2 0
github.com/nikolay-makurin/replicator/internal/pipeline/dispatcher.go:103.4,104.34 2 0
github.com/nikolay-makurin/replicator/internal/pipeline/dispatcher.go:104.34,106.5 1 0
github.com/nikolay-makurin/replicator/internal/pipeline/dispatcher.go:107.4,107.46 1 0
github.com/nikolay-makurin/replicator/internal/pipeline/dispatcher.go:107.46,109.5 1 0
github.com/nikolay-makurin/replicator/internal/pipeline/dispatcher.go:110.19,111.31 1 0
github.com/nikolay-makurin/replicator/internal/pipeline/dispatcher.go:111.31,113.5 1 0
github.com/nikolay-makurin/replicator/internal/pipeline/dispatcher.go:118.45,119.30 1 0
github.com/nikolay-makurin/replicator/internal/pipeline/dispatcher.go:119.30,121.3 1 0
github.com/nikolay-makurin/replicator/internal/pipeline/dispatcher.go:123.2,130.16 6 0
github.com/nikolay-makurin/replicator/internal/pipeline/dispatcher.go:130.16,135.3 1 0
github.com/nikolay-makurin/replicator/internal/pipeline/dispatcher.go:135.8,137.36 1 0
github.com/nikolay-makurin/replicator/internal/pipeline/dispatcher.go:137.36,139.4 1 0
github.com/nikolay-makurin/replicator/internal/pipeline/dispatcher.go:140.3,140.100 1 0
github.com/nikolay-makurin/replicator/internal/pipeline/dispatcher.go:144.2,145.20 2 0
